C:\Program Files (x86)\Microsoft Visual Studio\2017\Community\Common7\IDE\VC\VCTargets\Microsoft.CppBuild.targets(387,5): warning MSB8028: The intermediate directory (x64\Release\) contains files shared from another project (d3d11hook.vcxproj).  This can lead to incorrect clean and rebuild behavior.
  CFW1ColorRGBA.cpp
  CFW1ColorRGBAInterface.cpp
  CFW1DWriteRenderTarget.cpp
  CFW1DWriteRenderTargetInterface.cpp
  CFW1Factory.cpp
  CFW1FactoryInterface.cpp
  CFW1FontWrapper.cpp
  CFW1FontWrapperInterface.cpp
  CFW1GlyphAtlas.cpp
  CFW1GlyphAtlasInterface.cpp
  CFW1GlyphProvider.cpp
  CFW1GlyphProviderInterface.cpp
  CFW1GlyphRenderStates.cpp
  CFW1GlyphRenderStatesInterface.cpp
  CFW1GlyphSheet.cpp
  CFW1GlyphSheetInterface.cpp
  CFW1GlyphVertexDrawer.cpp
  CFW1GlyphVertexDrawerInterface.cpp
  CFW1StateSaver.cpp
  CFW1TextGeometry.cpp
  Compiling...
  CFW1TextGeometryInterface.cpp
  CFW1TextRenderer.cpp
  CFW1TextRendererInterface.cpp
  FW1FontWrapper.cpp
  FW1Precompiled.cpp
  universal.cpp
universal.cpp(182): warning C4244: 'argument': conversion from 'int' to 'FLOAT', possible loss of data
universal.cpp(234): warning C4244: 'argument': conversion from 'float' to 'DWORD', possible loss of data
  buffer.c
  hde32.c
  hde64.c
  hook.c
  trampoline.c
     Creating library C:\Users\keidr\Desktop\D3D11-Worldtoscreen-Finder-master\x64\Release\Subliminal Fortnite.lib and object C:\Users\keidr\Desktop\D3D11-Worldtoscreen-Finder-master\x64\Release\Subliminal Fortnite.exp
  Generating code
  All 1485 functions were compiled because no usable IPDB/IOBJ from previous compilation was found.
  Finished generating code
  d3d11hook.vcxproj -> C:\Users\keidr\Desktop\D3D11-Worldtoscreen-Finder-master\x64\Release\Subliminal Fortnite.dll
  d3d11hook.vcxproj -> C:\Users\keidr\Desktop\D3D11-Worldtoscreen-Finder-master\x64\Release\Subliminal Fortnite.pdb (Full PDB)
